<?xml version="1.0" encoding="UTF-8"?>
<!-- Generated by org.testng.reporters.JUnitXMLReporter -->
<testsuite hostname="LP-5CD120NLR8" ignored="2" name="Test1" tests="2" failures="0" timestamp="07 Oct 2021 06:33:26 GMT" time="0.017" errors="0">
  <testcase name="first" time="0.0" classname="example.TestNgGroups"/>
  <testcase name="second" time="0.0" classname="example.TestNgGroups"/>
  <testcase name="third" time="0.0" classname="example.TestNgGroups">
    <ignored/>
  </testcase> <!-- third -->
  <testcase name="fourth" time="0.0" classname="example.TestNgGroups">
    <ignored/>
  </testcase> <!-- fourth -->
</testsuite> <!-- Test1 -->
